1755776029: mosquitto version 2.0.22 starting
1755776029: Config loaded from /mosquitto/config/mosquitto.conf.
1755776029: Opening ipv4 listen socket on port 1883.
1755776029: Opening ipv6 listen socket on port 1883.
1755776029: Opening websockets listen socket on port 9001.
1755776029: mosquitto version 2.0.22 running
1755776059: New connection from ::1:50686 on port 1883.
1755776059: New client connected from ::1:50686 as auto-F0A4E5BA-DB99-BB0C-632C-E81D5EE6C469 (p2, c1, k60).
1755776059: No will message specified.
1755776059: Sending CONNACK to auto-F0A4E5BA-DB99-BB0C-632C-E81D5EE6C469 (0, 0)
1755776059: Received PUBLISH from auto-F0A4E5BA-DB99-BB0C-632C-E81D5EE6C469 (d0, q0, r0, m0, 'test', ... (4 bytes))
1755776059: Received DISCONNECT from auto-F0A4E5BA-DB99-BB0C-632C-E81D5EE6C469
1755776059: Client auto-F0A4E5BA-DB99-BB0C-632C-E81D5EE6C469 disconnected.
1755776089: New connection from ::1:50148 on port 1883.
1755776089: New client connected from ::1:50148 as auto-B55EE192-4B2E-A0FC-F893-9F6F613C3883 (p2, c1, k60).
1755776089: No will message specified.
1755776089: Sending CONNACK to auto-B55EE192-4B2E-A0FC-F893-9F6F613C3883 (0, 0)
1755776089: Received PUBLISH from auto-B55EE192-4B2E-A0FC-F893-9F6F613C3883 (d0, q0, r0, m0, 'test', ... (4 bytes))
1755776089: Received DISCONNECT from auto-B55EE192-4B2E-A0FC-F893-9F6F613C3883
1755776089: Client auto-B55EE192-4B2E-A0FC-F893-9F6F613C3883 disconnected.
1755776119: New connection from ::1:55970 on port 1883.
1755776119: New client connected from ::1:55970 as auto-A0DAE273-0570-1A20-67D1-9B8F4500A90A (p2, c1, k60).
1755776119: No will message specified.
1755776119: Sending CONNACK to auto-A0DAE273-0570-1A20-67D1-9B8F4500A90A (0, 0)
1755776119: Received PUBLISH from auto-A0DAE273-0570-1A20-67D1-9B8F4500A90A (d0, q0, r0, m0, 'test', ... (4 bytes))
1755776119: Received DISCONNECT from auto-A0DAE273-0570-1A20-67D1-9B8F4500A90A
1755776119: Client auto-A0DAE273-0570-1A20-67D1-9B8F4500A90A disconnected.
1755776149: New connection from ::1:47948 on port 1883.
1755776149: New client connected from ::1:47948 as auto-11FEC69B-8D4B-1C03-EF1E-B2A895A4B7D6 (p2, c1, k60).
1755776149: No will message specified.
1755776149: Sending CONNACK to auto-11FEC69B-8D4B-1C03-EF1E-B2A895A4B7D6 (0, 0)
1755776149: Received PUBLISH from auto-11FEC69B-8D4B-1C03-EF1E-B2A895A4B7D6 (d0, q0, r0, m0, 'test', ... (4 bytes))
1755776149: Received DISCONNECT from auto-11FEC69B-8D4B-1C03-EF1E-B2A895A4B7D6
1755776149: Client auto-11FEC69B-8D4B-1C03-EF1E-B2A895A4B7D6 disconnected.
1755776179: New connection from ::1:50260 on port 1883.
1755776179: New client connected from ::1:50260 as auto-E43E0101-0A3A-5880-20E9-B01CEDD516EB (p2, c1, k60).
1755776179: No will message specified.
1755776179: Sending CONNACK to auto-E43E0101-0A3A-5880-20E9-B01CEDD516EB (0, 0)
1755776179: Received PUBLISH from auto-E43E0101-0A3A-5880-20E9-B01CEDD516EB (d0, q0, r0, m0, 'test', ... (4 bytes))
1755776179: Received DISCONNECT from auto-E43E0101-0A3A-5880-20E9-B01CEDD516EB
1755776179: Client auto-E43E0101-0A3A-5880-20E9-B01CEDD516EB disconnected.
1755776209: New connection from ::1:38566 on port 1883.
1755776209: New client connected from ::1:38566 as auto-1C1D62F0-FFA5-8A25-6294-522F298078A5 (p2, c1, k60).
1755776209: No will message specified.
1755776209: Sending CONNACK to auto-1C1D62F0-FFA5-8A25-6294-522F298078A5 (0, 0)
1755776209: Received PUBLISH from auto-1C1D62F0-FFA5-8A25-6294-522F298078A5 (d0, q0, r0, m0, 'test', ... (4 bytes))
1755776209: Received DISCONNECT from auto-1C1D62F0-FFA5-8A25-6294-522F298078A5
1755776209: Client auto-1C1D62F0-FFA5-8A25-6294-522F298078A5 disconnected.
1755776240: New connection from ::1:48586 on port 1883.
1755776240: New client connected from ::1:48586 as auto-3F69E37A-4344-DA6A-A367-AA3CE0302B8E (p2, c1, k60).
1755776240: No will message specified.
1755776240: Sending CONNACK to auto-3F69E37A-4344-DA6A-A367-AA3CE0302B8E (0, 0)
1755776240: Received PUBLISH from auto-3F69E37A-4344-DA6A-A367-AA3CE0302B8E (d0, q0, r0, m0, 'test', ... (4 bytes))
1755776240: Received DISCONNECT from auto-3F69E37A-4344-DA6A-A367-AA3CE0302B8E
1755776240: Client auto-3F69E37A-4344-DA6A-A367-AA3CE0302B8E disconnected.
1755776270: New connection from ::1:45134 on port 1883.
1755776270: New client connected from ::1:45134 as auto-586BEA5A-300E-F9C6-E0BC-78ED6ED43CF2 (p2, c1, k60).
1755776270: No will message specified.
1755776270: Sending CONNACK to auto-586BEA5A-300E-F9C6-E0BC-78ED6ED43CF2 (0, 0)
1755776270: Received PUBLISH from auto-586BEA5A-300E-F9C6-E0BC-78ED6ED43CF2 (d0, q0, r0, m0, 'test', ... (4 bytes))
1755776270: Received DISCONNECT from auto-586BEA5A-300E-F9C6-E0BC-78ED6ED43CF2
1755776270: Client auto-586BEA5A-300E-F9C6-E0BC-78ED6ED43CF2 disconnected.
1755776300: New connection from ::1:42416 on port 1883.
1755776300: New client connected from ::1:42416 as auto-AEE22507-9293-A8D3-1AAD-7EBD9DD2AEE3 (p2, c1, k60).
1755776300: No will message specified.
1755776300: Sending CONNACK to auto-AEE22507-9293-A8D3-1AAD-7EBD9DD2AEE3 (0, 0)
1755776300: Received PUBLISH from auto-AEE22507-9293-A8D3-1AAD-7EBD9DD2AEE3 (d0, q0, r0, m0, 'test', ... (4 bytes))
1755776300: Received DISCONNECT from auto-AEE22507-9293-A8D3-1AAD-7EBD9DD2AEE3
1755776300: Client auto-AEE22507-9293-A8D3-1AAD-7EBD9DD2AEE3 disconnected.
1755776330: New connection from ::1:46096 on port 1883.
1755776330: New client connected from ::1:46096 as auto-0A3134E5-4CA5-A8B7-5F19-9B5E43B8C75E (p2, c1, k60).
1755776330: No will message specified.
1755776330: Sending CONNACK to auto-0A3134E5-4CA5-A8B7-5F19-9B5E43B8C75E (0, 0)
1755776330: Received PUBLISH from auto-0A3134E5-4CA5-A8B7-5F19-9B5E43B8C75E (d0, q0, r0, m0, 'test', ... (4 bytes))
1755776330: Received DISCONNECT from auto-0A3134E5-4CA5-A8B7-5F19-9B5E43B8C75E
1755776330: Client auto-0A3134E5-4CA5-A8B7-5F19-9B5E43B8C75E disconnected.
1755776360: New connection from ::1:51220 on port 1883.
1755776360: New client connected from ::1:51220 as auto-C4DD0F9A-00D0-6EBE-50D4-7B24AAF91532 (p2, c1, k60).
1755776360: No will message specified.
1755776360: Sending CONNACK to auto-C4DD0F9A-00D0-6EBE-50D4-7B24AAF91532 (0, 0)
1755776360: Received PUBLISH from auto-C4DD0F9A-00D0-6EBE-50D4-7B24AAF91532 (d0, q0, r0, m0, 'test', ... (4 bytes))
1755776360: Received DISCONNECT from auto-C4DD0F9A-00D0-6EBE-50D4-7B24AAF91532
1755776360: Client auto-C4DD0F9A-00D0-6EBE-50D4-7B24AAF91532 disconnected.
1755776390: New connection from ::1:54054 on port 1883.
1755776390: New client connected from ::1:54054 as auto-52B2A8D9-601C-385A-1FC4-FA18767A5061 (p2, c1, k60).
1755776390: No will message specified.
1755776390: Sending CONNACK to auto-52B2A8D9-601C-385A-1FC4-FA18767A5061 (0, 0)
1755776390: Received PUBLISH from auto-52B2A8D9-601C-385A-1FC4-FA18767A5061 (d0, q0, r0, m0, 'test', ... (4 bytes))
1755776390: Received DISCONNECT from auto-52B2A8D9-601C-385A-1FC4-FA18767A5061
1755776390: Client auto-52B2A8D9-601C-385A-1FC4-FA18767A5061 disconnected.
1755776420: New connection from ::1:59516 on port 1883.
1755776420: New client connected from ::1:59516 as auto-E7FDB790-B975-11E6-69E4-1FFAB9D3F4BD (p2, c1, k60).
1755776420: No will message specified.
1755776420: Sending CONNACK to auto-E7FDB790-B975-11E6-69E4-1FFAB9D3F4BD (0, 0)
1755776420: Received PUBLISH from auto-E7FDB790-B975-11E6-69E4-1FFAB9D3F4BD (d0, q0, r0, m0, 'test', ... (4 bytes))
1755776420: Received DISCONNECT from auto-E7FDB790-B975-11E6-69E4-1FFAB9D3F4BD
1755776420: Client auto-E7FDB790-B975-11E6-69E4-1FFAB9D3F4BD disconnected.
1755776450: New connection from ::1:34344 on port 1883.
1755776450: New client connected from ::1:34344 as auto-76CB638D-D7AB-C3DE-FA24-F5CEE2C28B74 (p2, c1, k60).
1755776450: No will message specified.
1755776450: Sending CONNACK to auto-76CB638D-D7AB-C3DE-FA24-F5CEE2C28B74 (0, 0)
1755776450: Received PUBLISH from auto-76CB638D-D7AB-C3DE-FA24-F5CEE2C28B74 (d0, q0, r0, m0, 'test', ... (4 bytes))
1755776450: Received DISCONNECT from auto-76CB638D-D7AB-C3DE-FA24-F5CEE2C28B74
1755776450: Client auto-76CB638D-D7AB-C3DE-FA24-F5CEE2C28B74 disconnected.
1755776480: New connection from ::1:39596 on port 1883.
1755776480: New client connected from ::1:39596 as auto-5914D31B-548E-67FA-E3DB-8FE67D3DF45A (p2, c1, k60).
1755776480: No will message specified.
1755776480: Sending CONNACK to auto-5914D31B-548E-67FA-E3DB-8FE67D3DF45A (0, 0)
1755776480: Received PUBLISH from auto-5914D31B-548E-67FA-E3DB-8FE67D3DF45A (d0, q0, r0, m0, 'test', ... (4 bytes))
1755776480: Received DISCONNECT from auto-5914D31B-548E-67FA-E3DB-8FE67D3DF45A
1755776480: Client auto-5914D31B-548E-67FA-E3DB-8FE67D3DF45A disconnected.
1755776510: New connection from ::1:53930 on port 1883.
1755776510: New client connected from ::1:53930 as auto-FFF905F6-B22A-17F0-4D96-9D58B5147FB2 (p2, c1, k60).
1755776510: No will message specified.
1755776510: Sending CONNACK to auto-FFF905F6-B22A-17F0-4D96-9D58B5147FB2 (0, 0)
1755776510: Received PUBLISH from auto-FFF905F6-B22A-17F0-4D96-9D58B5147FB2 (d0, q0, r0, m0, 'test', ... (4 bytes))
1755776510: Received DISCONNECT from auto-FFF905F6-B22A-17F0-4D96-9D58B5147FB2
1755776510: Client auto-FFF905F6-B22A-17F0-4D96-9D58B5147FB2 disconnected.
1755776540: New connection from ::1:48648 on port 1883.
1755776540: New client connected from ::1:48648 as auto-DBEBD55B-9162-131B-6304-F7C6590907A4 (p2, c1, k60).
1755776540: No will message specified.
1755776540: Sending CONNACK to auto-DBEBD55B-9162-131B-6304-F7C6590907A4 (0, 0)
1755776540: Received PUBLISH from auto-DBEBD55B-9162-131B-6304-F7C6590907A4 (d0, q0, r0, m0, 'test', ... (4 bytes))
1755776540: Received DISCONNECT from auto-DBEBD55B-9162-131B-6304-F7C6590907A4
1755776540: Client auto-DBEBD55B-9162-131B-6304-F7C6590907A4 disconnected.
1755776570: New connection from ::1:46976 on port 1883.
1755776570: New client connected from ::1:46976 as auto-339BD2EF-05BA-4E97-BC88-78BD6A100C02 (p2, c1, k60).
1755776570: No will message specified.
1755776570: Sending CONNACK to auto-339BD2EF-05BA-4E97-BC88-78BD6A100C02 (0, 0)
1755776570: Received PUBLISH from auto-339BD2EF-05BA-4E97-BC88-78BD6A100C02 (d0, q0, r0, m0, 'test', ... (4 bytes))
1755776570: Received DISCONNECT from auto-339BD2EF-05BA-4E97-BC88-78BD6A100C02
1755776570: Client auto-339BD2EF-05BA-4E97-BC88-78BD6A100C02 disconnected.
1755776600: New connection from ::1:32900 on port 1883.
1755776600: New client connected from ::1:32900 as auto-052FCC77-F8CD-077A-000E-FB2B354C8936 (p2, c1, k60).
1755776600: No will message specified.
1755776600: Sending CONNACK to auto-052FCC77-F8CD-077A-000E-FB2B354C8936 (0, 0)
1755776600: Received PUBLISH from auto-052FCC77-F8CD-077A-000E-FB2B354C8936 (d0, q0, r0, m0, 'test', ... (4 bytes))
1755776600: Received DISCONNECT from auto-052FCC77-F8CD-077A-000E-FB2B354C8936
1755776600: Client auto-052FCC77-F8CD-077A-000E-FB2B354C8936 disconnected.
1755776630: New connection from ::1:43654 on port 1883.
1755776630: New client connected from ::1:43654 as auto-84A8231B-405A-4FEA-047B-9DD1CF315ABC (p2, c1, k60).
1755776630: No will message specified.
1755776630: Sending CONNACK to auto-84A8231B-405A-4FEA-047B-9DD1CF315ABC (0, 0)
1755776630: Received PUBLISH from auto-84A8231B-405A-4FEA-047B-9DD1CF315ABC (d0, q0, r0, m0, 'test', ... (4 bytes))
1755776630: Received DISCONNECT from auto-84A8231B-405A-4FEA-047B-9DD1CF315ABC
1755776630: Client auto-84A8231B-405A-4FEA-047B-9DD1CF315ABC disconnected.
1755776661: New connection from ::1:45834 on port 1883.
1755776661: New client connected from ::1:45834 as auto-1859339C-E770-7222-7A89-55BA2EBE1084 (p2, c1, k60).
1755776661: No will message specified.
1755776661: Sending CONNACK to auto-1859339C-E770-7222-7A89-55BA2EBE1084 (0, 0)
1755776661: Received PUBLISH from auto-1859339C-E770-7222-7A89-55BA2EBE1084 (d0, q0, r0, m0, 'test', ... (4 bytes))
1755776661: Received DISCONNECT from auto-1859339C-E770-7222-7A89-55BA2EBE1084
1755776661: Client auto-1859339C-E770-7222-7A89-55BA2EBE1084 disconnected.
1755776691: New connection from ::1:60820 on port 1883.
1755776691: New client connected from ::1:60820 as auto-C99FDC6B-5658-C7EB-0974-F709B4D87E2B (p2, c1, k60).
1755776691: No will message specified.
1755776691: Sending CONNACK to auto-C99FDC6B-5658-C7EB-0974-F709B4D87E2B (0, 0)
1755776691: Received PUBLISH from auto-C99FDC6B-5658-C7EB-0974-F709B4D87E2B (d0, q0, r0, m0, 'test', ... (4 bytes))
1755776691: Received DISCONNECT from auto-C99FDC6B-5658-C7EB-0974-F709B4D87E2B
1755776691: Client auto-C99FDC6B-5658-C7EB-0974-F709B4D87E2B disconnected.
1755776721: New connection from ::1:52958 on port 1883.
1755776721: New client connected from ::1:52958 as auto-98EC3078-511D-9889-949D-1BF9C7906BAE (p2, c1, k60).
1755776721: No will message specified.
1755776721: Sending CONNACK to auto-98EC3078-511D-9889-949D-1BF9C7906BAE (0, 0)
1755776721: Received PUBLISH from auto-98EC3078-511D-9889-949D-1BF9C7906BAE (d0, q0, r0, m0, 'test', ... (4 bytes))
1755776721: Received DISCONNECT from auto-98EC3078-511D-9889-949D-1BF9C7906BAE
1755776721: Client auto-98EC3078-511D-9889-949D-1BF9C7906BAE disconnected.
1755776751: New connection from ::1:43146 on port 1883.
1755776751: New client connected from ::1:43146 as auto-D1B39DEA-76F5-C05A-3334-CB5AD8AD3F80 (p2, c1, k60).
1755776751: No will message specified.
1755776751: Sending CONNACK to auto-D1B39DEA-76F5-C05A-3334-CB5AD8AD3F80 (0, 0)
1755776751: Received PUBLISH from auto-D1B39DEA-76F5-C05A-3334-CB5AD8AD3F80 (d0, q0, r0, m0, 'test', ... (4 bytes))
1755776751: Received DISCONNECT from auto-D1B39DEA-76F5-C05A-3334-CB5AD8AD3F80
1755776751: Client auto-D1B39DEA-76F5-C05A-3334-CB5AD8AD3F80 disconnected.
1755776781: New connection from ::1:35112 on port 1883.
1755776781: New client connected from ::1:35112 as auto-DC3424C8-6E46-8BEC-CFC8-D63204812A31 (p2, c1, k60).
1755776781: No will message specified.
1755776781: Sending CONNACK to auto-DC3424C8-6E46-8BEC-CFC8-D63204812A31 (0, 0)
1755776781: Received PUBLISH from auto-DC3424C8-6E46-8BEC-CFC8-D63204812A31 (d0, q0, r0, m0, 'test', ... (4 bytes))
1755776781: Received DISCONNECT from auto-DC3424C8-6E46-8BEC-CFC8-D63204812A31
1755776781: Client auto-DC3424C8-6E46-8BEC-CFC8-D63204812A31 disconnected.
1755776811: New connection from ::1:51520 on port 1883.
1755776811: New client connected from ::1:51520 as auto-26B1E83E-4E42-4B83-8C0C-16771CCDF207 (p2, c1, k60).
1755776811: No will message specified.
1755776811: Sending CONNACK to auto-26B1E83E-4E42-4B83-8C0C-16771CCDF207 (0, 0)
1755776811: Received PUBLISH from auto-26B1E83E-4E42-4B83-8C0C-16771CCDF207 (d0, q0, r0, m0, 'test', ... (4 bytes))
1755776811: Received DISCONNECT from auto-26B1E83E-4E42-4B83-8C0C-16771CCDF207
1755776811: Client auto-26B1E83E-4E42-4B83-8C0C-16771CCDF207 disconnected.
1755776841: New connection from ::1:47970 on port 1883.
1755776841: New client connected from ::1:47970 as auto-5FBF63A7-B45D-BC2D-5BA6-5EBE548E687D (p2, c1, k60).
1755776841: No will message specified.
1755776841: Sending CONNACK to auto-5FBF63A7-B45D-BC2D-5BA6-5EBE548E687D (0, 0)
1755776841: Received PUBLISH from auto-5FBF63A7-B45D-BC2D-5BA6-5EBE548E687D (d0, q0, r0, m0, 'test', ... (4 bytes))
1755776841: Received DISCONNECT from auto-5FBF63A7-B45D-BC2D-5BA6-5EBE548E687D
1755776841: Client auto-5FBF63A7-B45D-BC2D-5BA6-5EBE548E687D disconnected.
1755776871: New connection from ::1:48124 on port 1883.
1755776871: New client connected from ::1:48124 as auto-87E8BE7F-F841-560B-1F42-D4D1C7664B58 (p2, c1, k60).
1755776871: No will message specified.
1755776871: Sending CONNACK to auto-87E8BE7F-F841-560B-1F42-D4D1C7664B58 (0, 0)
1755776871: Received PUBLISH from auto-87E8BE7F-F841-560B-1F42-D4D1C7664B58 (d0, q0, r0, m0, 'test', ... (4 bytes))
1755776871: Received DISCONNECT from auto-87E8BE7F-F841-560B-1F42-D4D1C7664B58
1755776871: Client auto-87E8BE7F-F841-560B-1F42-D4D1C7664B58 disconnected.
1755776901: New connection from ::1:33792 on port 1883.
1755776901: New client connected from ::1:33792 as auto-F5E8F575-84EB-EF8E-A291-CA2D42A9E1D3 (p2, c1, k60).
1755776901: No will message specified.
1755776901: Sending CONNACK to auto-F5E8F575-84EB-EF8E-A291-CA2D42A9E1D3 (0, 0)
1755776901: Received PUBLISH from auto-F5E8F575-84EB-EF8E-A291-CA2D42A9E1D3 (d0, q0, r0, m0, 'test', ... (4 bytes))
1755776901: Received DISCONNECT from auto-F5E8F575-84EB-EF8E-A291-CA2D42A9E1D3
1755776901: Client auto-F5E8F575-84EB-EF8E-A291-CA2D42A9E1D3 disconnected.
1755776931: New connection from ::1:58072 on port 1883.
1755776931: New client connected from ::1:58072 as auto-E048855E-98A9-298E-15BE-06DDEE2635A3 (p2, c1, k60).
1755776931: No will message specified.
1755776931: Sending CONNACK to auto-E048855E-98A9-298E-15BE-06DDEE2635A3 (0, 0)
1755776931: Received PUBLISH from auto-E048855E-98A9-298E-15BE-06DDEE2635A3 (d0, q0, r0, m0, 'test', ... (4 bytes))
1755776931: Received DISCONNECT from auto-E048855E-98A9-298E-15BE-06DDEE2635A3
1755776931: Client auto-E048855E-98A9-298E-15BE-06DDEE2635A3 disconnected.
1755776961: New connection from ::1:46360 on port 1883.
1755776961: New client connected from ::1:46360 as auto-44291468-82FB-290E-7493-57014C3A8B1C (p2, c1, k60).
1755776961: No will message specified.
1755776961: Sending CONNACK to auto-44291468-82FB-290E-7493-57014C3A8B1C (0, 0)
1755776961: Received PUBLISH from auto-44291468-82FB-290E-7493-57014C3A8B1C (d0, q0, r0, m0, 'test', ... (4 bytes))
1755776961: Received DISCONNECT from auto-44291468-82FB-290E-7493-57014C3A8B1C
1755776961: Client auto-44291468-82FB-290E-7493-57014C3A8B1C disconnected.
1755776991: New connection from ::1:55700 on port 1883.
1755776991: New client connected from ::1:55700 as auto-CE7FFCFC-5E7C-96E7-6F52-06DF2633CF2D (p2, c1, k60).
1755776991: No will message specified.
1755776991: Sending CONNACK to auto-CE7FFCFC-5E7C-96E7-6F52-06DF2633CF2D (0, 0)
1755776991: Received PUBLISH from auto-CE7FFCFC-5E7C-96E7-6F52-06DF2633CF2D (d0, q0, r0, m0, 'test', ... (4 bytes))
1755776991: Received DISCONNECT from auto-CE7FFCFC-5E7C-96E7-6F52-06DF2633CF2D
1755776991: Client auto-CE7FFCFC-5E7C-96E7-6F52-06DF2633CF2D disconnected.
1755777021: New connection from ::1:47000 on port 1883.
1755777021: New client connected from ::1:47000 as auto-2155A91E-B59A-ADD5-A97A-3DFF144F914D (p2, c1, k60).
1755777021: No will message specified.
1755777021: Sending CONNACK to auto-2155A91E-B59A-ADD5-A97A-3DFF144F914D (0, 0)
1755777021: Received PUBLISH from auto-2155A91E-B59A-ADD5-A97A-3DFF144F914D (d0, q0, r0, m0, 'test', ... (4 bytes))
1755777021: Received DISCONNECT from auto-2155A91E-B59A-ADD5-A97A-3DFF144F914D
1755777021: Client auto-2155A91E-B59A-ADD5-A97A-3DFF144F914D disconnected.
1755777051: New connection from ::1:46700 on port 1883.
1755777051: New client connected from ::1:46700 as auto-FA615ADD-F094-1C38-6F85-1FD28313EE1A (p2, c1, k60).
1755777051: No will message specified.
1755777051: Sending CONNACK to auto-FA615ADD-F094-1C38-6F85-1FD28313EE1A (0, 0)
1755777051: Received PUBLISH from auto-FA615ADD-F094-1C38-6F85-1FD28313EE1A (d0, q0, r0, m0, 'test', ... (4 bytes))
1755777051: Received DISCONNECT from auto-FA615ADD-F094-1C38-6F85-1FD28313EE1A
1755777051: Client auto-FA615ADD-F094-1C38-6F85-1FD28313EE1A disconnected.
1755777082: New connection from ::1:49566 on port 1883.
1755777082: New client connected from ::1:49566 as auto-E9CABB73-DB4B-BDBF-CF48-18AEA6E7FA44 (p2, c1, k60).
1755777082: No will message specified.
1755777082: Sending CONNACK to auto-E9CABB73-DB4B-BDBF-CF48-18AEA6E7FA44 (0, 0)
1755777082: Received PUBLISH from auto-E9CABB73-DB4B-BDBF-CF48-18AEA6E7FA44 (d0, q0, r0, m0, 'test', ... (4 bytes))
1755777082: Received DISCONNECT from auto-E9CABB73-DB4B-BDBF-CF48-18AEA6E7FA44
1755777082: Client auto-E9CABB73-DB4B-BDBF-CF48-18AEA6E7FA44 disconnected.
1755777112: New connection from ::1:47090 on port 1883.
1755777112: New client connected from ::1:47090 as auto-57FA4382-0ED1-B6BC-5EEC-92783CC6530E (p2, c1, k60).
1755777112: No will message specified.
1755777112: Sending CONNACK to auto-57FA4382-0ED1-B6BC-5EEC-92783CC6530E (0, 0)
1755777112: Received PUBLISH from auto-57FA4382-0ED1-B6BC-5EEC-92783CC6530E (d0, q0, r0, m0, 'test', ... (4 bytes))
1755777112: Received DISCONNECT from auto-57FA4382-0ED1-B6BC-5EEC-92783CC6530E
1755777112: Client auto-57FA4382-0ED1-B6BC-5EEC-92783CC6530E disconnected.
1755777142: New connection from ::1:34058 on port 1883.
1755777142: New client connected from ::1:34058 as auto-AEAD7882-268D-805D-D92D-937EB871D763 (p2, c1, k60).
1755777142: No will message specified.
1755777142: Sending CONNACK to auto-AEAD7882-268D-805D-D92D-937EB871D763 (0, 0)
1755777142: Received PUBLISH from auto-AEAD7882-268D-805D-D92D-937EB871D763 (d0, q0, r0, m0, 'test', ... (4 bytes))
1755777142: Received DISCONNECT from auto-AEAD7882-268D-805D-D92D-937EB871D763
1755777142: Client auto-AEAD7882-268D-805D-D92D-937EB871D763 disconnected.
1755777172: New connection from ::1:58030 on port 1883.
1755777172: New client connected from ::1:58030 as auto-D0B25CF4-C6D2-DA21-C3E9-38EF98EE886F (p2, c1, k60).
1755777172: No will message specified.
1755777172: Sending CONNACK to auto-D0B25CF4-C6D2-DA21-C3E9-38EF98EE886F (0, 0)
1755777172: Received PUBLISH from auto-D0B25CF4-C6D2-DA21-C3E9-38EF98EE886F (d0, q0, r0, m0, 'test', ... (4 bytes))
1755777172: Received DISCONNECT from auto-D0B25CF4-C6D2-DA21-C3E9-38EF98EE886F
1755777172: Client auto-D0B25CF4-C6D2-DA21-C3E9-38EF98EE886F disconnected.
1755777202: New connection from ::1:53172 on port 1883.
1755777202: New client connected from ::1:53172 as auto-1C772BB3-4BDF-E043-BD3B-824484D0E27D (p2, c1, k60).
1755777202: No will message specified.
1755777202: Sending CONNACK to auto-1C772BB3-4BDF-E043-BD3B-824484D0E27D (0, 0)
1755777202: Received PUBLISH from auto-1C772BB3-4BDF-E043-BD3B-824484D0E27D (d0, q0, r0, m0, 'test', ... (4 bytes))
1755777202: Received DISCONNECT from auto-1C772BB3-4BDF-E043-BD3B-824484D0E27D
1755777202: Client auto-1C772BB3-4BDF-E043-BD3B-824484D0E27D disconnected.
1755777232: New connection from ::1:60592 on port 1883.
1755777232: New client connected from ::1:60592 as auto-00593EE4-53A8-0C3A-83EC-5AAF2A4194AB (p2, c1, k60).
1755777232: No will message specified.
1755777232: Sending CONNACK to auto-00593EE4-53A8-0C3A-83EC-5AAF2A4194AB (0, 0)
1755777232: Received PUBLISH from auto-00593EE4-53A8-0C3A-83EC-5AAF2A4194AB (d0, q0, r0, m0, 'test', ... (4 bytes))
1755777232: Received DISCONNECT from auto-00593EE4-53A8-0C3A-83EC-5AAF2A4194AB
1755777232: Client auto-00593EE4-53A8-0C3A-83EC-5AAF2A4194AB disconnected.
1755777262: New connection from ::1:34698 on port 1883.
1755777262: New client connected from ::1:34698 as auto-BE4FC9DB-EFD4-74AE-DDA8-CA9D6DB2B900 (p2, c1, k60).
1755777262: No will message specified.
1755777262: Sending CONNACK to auto-BE4FC9DB-EFD4-74AE-DDA8-CA9D6DB2B900 (0, 0)
1755777262: Received PUBLISH from auto-BE4FC9DB-EFD4-74AE-DDA8-CA9D6DB2B900 (d0, q0, r0, m0, 'test', ... (4 bytes))
1755777262: Received DISCONNECT from auto-BE4FC9DB-EFD4-74AE-DDA8-CA9D6DB2B900
1755777262: Client auto-BE4FC9DB-EFD4-74AE-DDA8-CA9D6DB2B900 disconnected.
1755777292: New connection from ::1:53796 on port 1883.
1755777292: New client connected from ::1:53796 as auto-112E2C01-981E-2B8C-4464-D3DF679FCE2D (p2, c1, k60).
1755777292: No will message specified.
1755777292: Sending CONNACK to auto-112E2C01-981E-2B8C-4464-D3DF679FCE2D (0, 0)
1755777292: Received PUBLISH from auto-112E2C01-981E-2B8C-4464-D3DF679FCE2D (d0, q0, r0, m0, 'test', ... (4 bytes))
1755777292: Received DISCONNECT from auto-112E2C01-981E-2B8C-4464-D3DF679FCE2D
1755777292: Client auto-112E2C01-981E-2B8C-4464-D3DF679FCE2D disconnected.
1755777322: New connection from ::1:44108 on port 1883.
1755777322: New client connected from ::1:44108 as auto-7D5EC7A5-27FD-16E3-5B64-D66AFD3E7F46 (p2, c1, k60).
1755777322: No will message specified.
1755777322: Sending CONNACK to auto-7D5EC7A5-27FD-16E3-5B64-D66AFD3E7F46 (0, 0)
1755777322: Received PUBLISH from auto-7D5EC7A5-27FD-16E3-5B64-D66AFD3E7F46 (d0, q0, r0, m0, 'test', ... (4 bytes))
1755777322: Received DISCONNECT from auto-7D5EC7A5-27FD-16E3-5B64-D66AFD3E7F46
1755777322: Client auto-7D5EC7A5-27FD-16E3-5B64-D66AFD3E7F46 disconnected.
1755777352: New connection from ::1:53766 on port 1883.
1755777352: New client connected from ::1:53766 as auto-C713CC81-30C4-6205-B0C9-B3F7783A25DB (p2, c1, k60).
1755777352: No will message specified.
1755777352: Sending CONNACK to auto-C713CC81-30C4-6205-B0C9-B3F7783A25DB (0, 0)
1755777352: Received PUBLISH from auto-C713CC81-30C4-6205-B0C9-B3F7783A25DB (d0, q0, r0, m0, 'test', ... (4 bytes))
1755777352: Received DISCONNECT from auto-C713CC81-30C4-6205-B0C9-B3F7783A25DB
1755777352: Client auto-C713CC81-30C4-6205-B0C9-B3F7783A25DB disconnected.
1755777382: New connection from ::1:56536 on port 1883.
1755777382: New client connected from ::1:56536 as auto-D4C36EB2-DD99-22BA-4C9A-346651869C43 (p2, c1, k60).
1755777382: No will message specified.
1755777382: Sending CONNACK to auto-D4C36EB2-DD99-22BA-4C9A-346651869C43 (0, 0)
1755777382: Received PUBLISH from auto-D4C36EB2-DD99-22BA-4C9A-346651869C43 (d0, q0, r0, m0, 'test', ... (4 bytes))
1755777382: Received DISCONNECT from auto-D4C36EB2-DD99-22BA-4C9A-346651869C43
1755777382: Client auto-D4C36EB2-DD99-22BA-4C9A-346651869C43 disconnected.
1755777413: New connection from ::1:49998 on port 1883.
1755777413: New client connected from ::1:49998 as auto-848B89D3-F078-40B0-CFBE-C6A9515244E0 (p2, c1, k60).
1755777413: No will message specified.
1755777413: Sending CONNACK to auto-848B89D3-F078-40B0-CFBE-C6A9515244E0 (0, 0)
1755777413: Received PUBLISH from auto-848B89D3-F078-40B0-CFBE-C6A9515244E0 (d0, q0, r0, m0, 'test', ... (4 bytes))
1755777413: Received DISCONNECT from auto-848B89D3-F078-40B0-CFBE-C6A9515244E0
1755777413: Client auto-848B89D3-F078-40B0-CFBE-C6A9515244E0 disconnected.
1755777443: New connection from ::1:36682 on port 1883.
1755777443: New client connected from ::1:36682 as auto-3D812E09-8A52-B022-AEEA-72DBDF4A51A8 (p2, c1, k60).
1755777443: No will message specified.
1755777443: Sending CONNACK to auto-3D812E09-8A52-B022-AEEA-72DBDF4A51A8 (0, 0)
1755777443: Received PUBLISH from auto-3D812E09-8A52-B022-AEEA-72DBDF4A51A8 (d0, q0, r0, m0, 'test', ... (4 bytes))
1755777443: Received DISCONNECT from auto-3D812E09-8A52-B022-AEEA-72DBDF4A51A8
1755777443: Client auto-3D812E09-8A52-B022-AEEA-72DBDF4A51A8 disconnected.
1755777473: New connection from ::1:58136 on port 1883.
1755777473: New client connected from ::1:58136 as auto-E74EB97A-293B-3FAE-99A9-37960299277A (p2, c1, k60).
1755777473: No will message specified.
1755777473: Sending CONNACK to auto-E74EB97A-293B-3FAE-99A9-37960299277A (0, 0)
1755777473: Received PUBLISH from auto-E74EB97A-293B-3FAE-99A9-37960299277A (d0, q0, r0, m0, 'test', ... (4 bytes))
1755777473: Received DISCONNECT from auto-E74EB97A-293B-3FAE-99A9-37960299277A
1755777473: Client auto-E74EB97A-293B-3FAE-99A9-37960299277A disconnected.
1755777503: New connection from ::1:57838 on port 1883.
1755777503: New client connected from ::1:57838 as auto-93B22A58-9BD2-48F0-AD09-A0C9A9F91FEC (p2, c1, k60).
1755777503: No will message specified.
1755777503: Sending CONNACK to auto-93B22A58-9BD2-48F0-AD09-A0C9A9F91FEC (0, 0)
1755777503: Received PUBLISH from auto-93B22A58-9BD2-48F0-AD09-A0C9A9F91FEC (d0, q0, r0, m0, 'test', ... (4 bytes))
1755777503: Received DISCONNECT from auto-93B22A58-9BD2-48F0-AD09-A0C9A9F91FEC
1755777503: Client auto-93B22A58-9BD2-48F0-AD09-A0C9A9F91FEC disconnected.
1755777533: New connection from ::1:60528 on port 1883.
1755777533: New client connected from ::1:60528 as auto-EBBBDAD0-B02E-4838-99C6-D03FB8E17D7D (p2, c1, k60).
1755777533: No will message specified.
1755777533: Sending CONNACK to auto-EBBBDAD0-B02E-4838-99C6-D03FB8E17D7D (0, 0)
1755777533: Received PUBLISH from auto-EBBBDAD0-B02E-4838-99C6-D03FB8E17D7D (d0, q0, r0, m0, 'test', ... (4 bytes))
1755777533: Received DISCONNECT from auto-EBBBDAD0-B02E-4838-99C6-D03FB8E17D7D
1755777533: Client auto-EBBBDAD0-B02E-4838-99C6-D03FB8E17D7D disconnected.
1755777563: New connection from ::1:42490 on port 1883.
1755777563: New client connected from ::1:42490 as auto-1A306F8E-87CA-B622-0E46-952664D828F2 (p2, c1, k60).
1755777563: No will message specified.
1755777563: Sending CONNACK to auto-1A306F8E-87CA-B622-0E46-952664D828F2 (0, 0)
1755777563: Received PUBLISH from auto-1A306F8E-87CA-B622-0E46-952664D828F2 (d0, q0, r0, m0, 'test', ... (4 bytes))
1755777563: Received DISCONNECT from auto-1A306F8E-87CA-B622-0E46-952664D828F2
1755777563: Client auto-1A306F8E-87CA-B622-0E46-952664D828F2 disconnected.
1755777593: New connection from ::1:37034 on port 1883.
1755777593: New client connected from ::1:37034 as auto-632E562D-F83B-511B-5175-746AF9CD1968 (p2, c1, k60).
1755777593: No will message specified.
1755777593: Sending CONNACK to auto-632E562D-F83B-511B-5175-746AF9CD1968 (0, 0)
1755777593: Received PUBLISH from auto-632E562D-F83B-511B-5175-746AF9CD1968 (d0, q0, r0, m0, 'test', ... (4 bytes))
1755777593: Received DISCONNECT from auto-632E562D-F83B-511B-5175-746AF9CD1968
1755777593: Client auto-632E562D-F83B-511B-5175-746AF9CD1968 disconnected.
1755777623: New connection from ::1:53356 on port 1883.
1755777623: New client connected from ::1:53356 as auto-329F99A4-E035-ADFC-B408-D13F32A3C7C1 (p2, c1, k60).
1755777623: No will message specified.
1755777623: Sending CONNACK to auto-329F99A4-E035-ADFC-B408-D13F32A3C7C1 (0, 0)
1755777623: Received PUBLISH from auto-329F99A4-E035-ADFC-B408-D13F32A3C7C1 (d0, q0, r0, m0, 'test', ... (4 bytes))
1755777623: Received DISCONNECT from auto-329F99A4-E035-ADFC-B408-D13F32A3C7C1
1755777623: Client auto-329F99A4-E035-ADFC-B408-D13F32A3C7C1 disconnected.
1755777653: New connection from ::1:42014 on port 1883.
1755777653: New client connected from ::1:42014 as auto-10526692-3042-43E8-D9D2-AB1CB6FCAE22 (p2, c1, k60).
1755777653: No will message specified.
1755777653: Sending CONNACK to auto-10526692-3042-43E8-D9D2-AB1CB6FCAE22 (0, 0)
1755777653: Received PUBLISH from auto-10526692-3042-43E8-D9D2-AB1CB6FCAE22 (d0, q0, r0, m0, 'test', ... (4 bytes))
1755777653: Received DISCONNECT from auto-10526692-3042-43E8-D9D2-AB1CB6FCAE22
1755777653: Client auto-10526692-3042-43E8-D9D2-AB1CB6FCAE22 disconnected.
1755777683: New connection from ::1:39982 on port 1883.
1755777683: New client connected from ::1:39982 as auto-2AF0F9EC-1C56-18AE-114E-0380B26D2EA7 (p2, c1, k60).
1755777683: No will message specified.
1755777683: Sending CONNACK to auto-2AF0F9EC-1C56-18AE-114E-0380B26D2EA7 (0, 0)
1755777683: Received PUBLISH from auto-2AF0F9EC-1C56-18AE-114E-0380B26D2EA7 (d0, q0, r0, m0, 'test', ... (4 bytes))
1755777683: Received DISCONNECT from auto-2AF0F9EC-1C56-18AE-114E-0380B26D2EA7
1755777683: Client auto-2AF0F9EC-1C56-18AE-114E-0380B26D2EA7 disconnected.
1755777714: New connection from ::1:41458 on port 1883.
1755777714: New client connected from ::1:41458 as auto-8E08FEE3-79DC-4717-CE5D-7679D4675C94 (p2, c1, k60).
1755777714: No will message specified.
1755777714: Sending CONNACK to auto-8E08FEE3-79DC-4717-CE5D-7679D4675C94 (0, 0)
1755777714: Received PUBLISH from auto-8E08FEE3-79DC-4717-CE5D-7679D4675C94 (d0, q0, r0, m0, 'test', ... (4 bytes))
1755777714: Received DISCONNECT from auto-8E08FEE3-79DC-4717-CE5D-7679D4675C94
1755777714: Client auto-8E08FEE3-79DC-4717-CE5D-7679D4675C94 disconnected.
1755777744: New connection from ::1:33602 on port 1883.
1755777744: New client connected from ::1:33602 as auto-E13A0EDC-1792-3D96-728F-C59400CB42E1 (p2, c1, k60).
1755777744: No will message specified.
1755777744: Sending CONNACK to auto-E13A0EDC-1792-3D96-728F-C59400CB42E1 (0, 0)
1755777744: Received PUBLISH from auto-E13A0EDC-1792-3D96-728F-C59400CB42E1 (d0, q0, r0, m0, 'test', ... (4 bytes))
1755777744: Received DISCONNECT from auto-E13A0EDC-1792-3D96-728F-C59400CB42E1
1755777744: Client auto-E13A0EDC-1792-3D96-728F-C59400CB42E1 disconnected.
1755777774: New connection from ::1:54828 on port 1883.
1755777774: New client connected from ::1:54828 as auto-5AE474DB-CD22-09EC-9259-0EA8607EBD7E (p2, c1, k60).
1755777774: No will message specified.
1755777774: Sending CONNACK to auto-5AE474DB-CD22-09EC-9259-0EA8607EBD7E (0, 0)
1755777774: Received PUBLISH from auto-5AE474DB-CD22-09EC-9259-0EA8607EBD7E (d0, q0, r0, m0, 'test', ... (4 bytes))
1755777774: Received DISCONNECT from auto-5AE474DB-CD22-09EC-9259-0EA8607EBD7E
1755777774: Client auto-5AE474DB-CD22-09EC-9259-0EA8607EBD7E disconnected.
1755777804: New connection from ::1:42888 on port 1883.
1755777804: New client connected from ::1:42888 as auto-D85C9F9B-664E-E42F-61E0-55E4127123DA (p2, c1, k60).
1755777804: No will message specified.
1755777804: Sending CONNACK to auto-D85C9F9B-664E-E42F-61E0-55E4127123DA (0, 0)
1755777804: Received PUBLISH from auto-D85C9F9B-664E-E42F-61E0-55E4127123DA (d0, q0, r0, m0, 'test', ... (4 bytes))
1755777804: Received DISCONNECT from auto-D85C9F9B-664E-E42F-61E0-55E4127123DA
1755777804: Client auto-D85C9F9B-664E-E42F-61E0-55E4127123DA disconnected.
1755777830: Saving in-memory database to /mosquitto/data//mosquitto.db.
1755777834: New connection from ::1:56188 on port 1883.
1755777834: New client connected from ::1:56188 as auto-72515FD4-CF4C-93D1-A226-DB41A982BAC4 (p2, c1, k60).
1755777834: No will message specified.
1755777834: Sending CONNACK to auto-72515FD4-CF4C-93D1-A226-DB41A982BAC4 (0, 0)
1755777834: Received PUBLISH from auto-72515FD4-CF4C-93D1-A226-DB41A982BAC4 (d0, q0, r0, m0, 'test', ... (4 bytes))
1755777834: Received DISCONNECT from auto-72515FD4-CF4C-93D1-A226-DB41A982BAC4
1755777834: Client auto-72515FD4-CF4C-93D1-A226-DB41A982BAC4 disconnected.
1755777864: New connection from ::1:32836 on port 1883.
1755777864: New client connected from ::1:32836 as auto-9B907289-B01E-7D26-6AE0-E6B926CFCEC4 (p2, c1, k60).
1755777864: No will message specified.
1755777864: Sending CONNACK to auto-9B907289-B01E-7D26-6AE0-E6B926CFCEC4 (0, 0)
1755777864: Received PUBLISH from auto-9B907289-B01E-7D26-6AE0-E6B926CFCEC4 (d0, q0, r0, m0, 'test', ... (4 bytes))
1755777864: Received DISCONNECT from auto-9B907289-B01E-7D26-6AE0-E6B926CFCEC4
1755777864: Client auto-9B907289-B01E-7D26-6AE0-E6B926CFCEC4 disconnected.
1755777894: New connection from ::1:54270 on port 1883.
1755777894: New client connected from ::1:54270 as auto-72DD60AD-2CAC-DC71-3A22-A47D0544CEE4 (p2, c1, k60).
1755777894: No will message specified.
1755777894: Sending CONNACK to auto-72DD60AD-2CAC-DC71-3A22-A47D0544CEE4 (0, 0)
1755777894: Received PUBLISH from auto-72DD60AD-2CAC-DC71-3A22-A47D0544CEE4 (d0, q0, r0, m0, 'test', ... (4 bytes))
1755777894: Received DISCONNECT from auto-72DD60AD-2CAC-DC71-3A22-A47D0544CEE4
1755777894: Client auto-72DD60AD-2CAC-DC71-3A22-A47D0544CEE4 disconnected.
1755777924: New connection from ::1:51024 on port 1883.
1755777924: New client connected from ::1:51024 as auto-DB8BC746-F688-EFCF-520A-8BC4BAA70CB7 (p2, c1, k60).
1755777924: No will message specified.
1755777924: Sending CONNACK to auto-DB8BC746-F688-EFCF-520A-8BC4BAA70CB7 (0, 0)
1755777924: Received PUBLISH from auto-DB8BC746-F688-EFCF-520A-8BC4BAA70CB7 (d0, q0, r0, m0, 'test', ... (4 bytes))
1755777924: Received DISCONNECT from auto-DB8BC746-F688-EFCF-520A-8BC4BAA70CB7
1755777924: Client auto-DB8BC746-F688-EFCF-520A-8BC4BAA70CB7 disconnected.
1755777954: New connection from ::1:45782 on port 1883.
1755777954: New client connected from ::1:45782 as auto-A2DF9B4E-0236-A7C2-7FFF-93FFDA3695D0 (p2, c1, k60).
1755777954: No will message specified.
1755777954: Sending CONNACK to auto-A2DF9B4E-0236-A7C2-7FFF-93FFDA3695D0 (0, 0)
1755777954: Received PUBLISH from auto-A2DF9B4E-0236-A7C2-7FFF-93FFDA3695D0 (d0, q0, r0, m0, 'test', ... (4 bytes))
1755777954: Received DISCONNECT from auto-A2DF9B4E-0236-A7C2-7FFF-93FFDA3695D0
1755777954: Client auto-A2DF9B4E-0236-A7C2-7FFF-93FFDA3695D0 disconnected.
1755777984: New connection from ::1:51826 on port 1883.
1755777984: New client connected from ::1:51826 as auto-08F751CC-FCBA-CDA1-7A52-63DA05AC1B39 (p2, c1, k60).
1755777984: No will message specified.
1755777984: Sending CONNACK to auto-08F751CC-FCBA-CDA1-7A52-63DA05AC1B39 (0, 0)
1755777984: Received PUBLISH from auto-08F751CC-FCBA-CDA1-7A52-63DA05AC1B39 (d0, q0, r0, m0, 'test', ... (4 bytes))
1755777984: Received DISCONNECT from auto-08F751CC-FCBA-CDA1-7A52-63DA05AC1B39
1755777984: Client auto-08F751CC-FCBA-CDA1-7A52-63DA05AC1B39 disconnected.
1755778014: New connection from ::1:55186 on port 1883.
1755778014: New client connected from ::1:55186 as auto-C9034F6D-6660-0DEF-90B5-2C33A7EDD0B5 (p2, c1, k60).
1755778014: No will message specified.
1755778014: Sending CONNACK to auto-C9034F6D-6660-0DEF-90B5-2C33A7EDD0B5 (0, 0)
1755778014: Received PUBLISH from auto-C9034F6D-6660-0DEF-90B5-2C33A7EDD0B5 (d0, q0, r0, m0, 'test', ... (4 bytes))
1755778014: Received DISCONNECT from auto-C9034F6D-6660-0DEF-90B5-2C33A7EDD0B5
1755778014: Client auto-C9034F6D-6660-0DEF-90B5-2C33A7EDD0B5 disconnected.
1755778045: New connection from ::1:53556 on port 1883.
1755778045: New client connected from ::1:53556 as auto-17A82B2B-752B-98F6-386C-CDE98DBD49A8 (p2, c1, k60).
1755778045: No will message specified.
1755778045: Sending CONNACK to auto-17A82B2B-752B-98F6-386C-CDE98DBD49A8 (0, 0)
1755778045: Received PUBLISH from auto-17A82B2B-752B-98F6-386C-CDE98DBD49A8 (d0, q0, r0, m0, 'test', ... (4 bytes))
1755778045: Received DISCONNECT from auto-17A82B2B-752B-98F6-386C-CDE98DBD49A8
1755778045: Client auto-17A82B2B-752B-98F6-386C-CDE98DBD49A8 disconnected.
1755778075: New connection from ::1:43942 on port 1883.
1755778075: New client connected from ::1:43942 as auto-561BA10E-9591-E9BA-8525-C03F63758873 (p2, c1, k60).
1755778075: No will message specified.
1755778075: Sending CONNACK to auto-561BA10E-9591-E9BA-8525-C03F63758873 (0, 0)
1755778075: Received PUBLISH from auto-561BA10E-9591-E9BA-8525-C03F63758873 (d0, q0, r0, m0, 'test', ... (4 bytes))
1755778075: Received DISCONNECT from auto-561BA10E-9591-E9BA-8525-C03F63758873
1755778075: Client auto-561BA10E-9591-E9BA-8525-C03F63758873 disconnected.
1755778105: New connection from ::1:50024 on port 1883.
1755778105: New client connected from ::1:50024 as auto-84EEEE68-4A3A-250F-7E20-63E927B1137F (p2, c1, k60).
1755778105: No will message specified.
1755778105: Sending CONNACK to auto-84EEEE68-4A3A-250F-7E20-63E927B1137F (0, 0)
1755778105: Received PUBLISH from auto-84EEEE68-4A3A-250F-7E20-63E927B1137F (d0, q0, r0, m0, 'test', ... (4 bytes))
1755778105: Received DISCONNECT from auto-84EEEE68-4A3A-250F-7E20-63E927B1137F
1755778105: Client auto-84EEEE68-4A3A-250F-7E20-63E927B1137F disconnected.
1755778135: New connection from ::1:57786 on port 1883.
1755778135: New client connected from ::1:57786 as auto-70BFF135-8AA1-DD78-BF9E-507CF989A869 (p2, c1, k60).
1755778135: No will message specified.
1755778135: Sending CONNACK to auto-70BFF135-8AA1-DD78-BF9E-507CF989A869 (0, 0)
1755778135: Received PUBLISH from auto-70BFF135-8AA1-DD78-BF9E-507CF989A869 (d0, q0, r0, m0, 'test', ... (4 bytes))
1755778135: Received DISCONNECT from auto-70BFF135-8AA1-DD78-BF9E-507CF989A869
1755778135: Client auto-70BFF135-8AA1-DD78-BF9E-507CF989A869 disconnected.
1755778165: New connection from ::1:52880 on port 1883.
1755778165: New client connected from ::1:52880 as auto-E83F525E-325C-6DDA-85B7-B0AF7BC40122 (p2, c1, k60).
1755778165: No will message specified.
1755778165: Sending CONNACK to auto-E83F525E-325C-6DDA-85B7-B0AF7BC40122 (0, 0)
1755778165: Received PUBLISH from auto-E83F525E-325C-6DDA-85B7-B0AF7BC40122 (d0, q0, r0, m0, 'test', ... (4 bytes))
1755778165: Received DISCONNECT from auto-E83F525E-325C-6DDA-85B7-B0AF7BC40122
1755778165: Client auto-E83F525E-325C-6DDA-85B7-B0AF7BC40122 disconnected.
1755778195: New connection from ::1:53840 on port 1883.
1755778195: New client connected from ::1:53840 as auto-DBFF8EE7-A2E4-780B-9068-D3F578390A00 (p2, c1, k60).
1755778195: No will message specified.
1755778195: Sending CONNACK to auto-DBFF8EE7-A2E4-780B-9068-D3F578390A00 (0, 0)
1755778195: Received PUBLISH from auto-DBFF8EE7-A2E4-780B-9068-D3F578390A00 (d0, q0, r0, m0, 'test', ... (4 bytes))
1755778195: Received DISCONNECT from auto-DBFF8EE7-A2E4-780B-9068-D3F578390A00
1755778195: Client auto-DBFF8EE7-A2E4-780B-9068-D3F578390A00 disconnected.
1755778225: New connection from ::1:34542 on port 1883.
1755778225: New client connected from ::1:34542 as auto-A0EF0408-2195-DFEE-9EC9-13263ED2A698 (p2, c1, k60).
1755778225: No will message specified.
1755778225: Sending CONNACK to auto-A0EF0408-2195-DFEE-9EC9-13263ED2A698 (0, 0)
1755778225: Received PUBLISH from auto-A0EF0408-2195-DFEE-9EC9-13263ED2A698 (d0, q0, r0, m0, 'test', ... (4 bytes))
1755778225: Received DISCONNECT from auto-A0EF0408-2195-DFEE-9EC9-13263ED2A698
1755778225: Client auto-A0EF0408-2195-DFEE-9EC9-13263ED2A698 disconnected.
1755778255: New connection from ::1:46556 on port 1883.
1755778255: New client connected from ::1:46556 as auto-88DC2D0E-F82E-70B9-8601-F72CA13CE8BD (p2, c1, k60).
1755778255: No will message specified.
1755778255: Sending CONNACK to auto-88DC2D0E-F82E-70B9-8601-F72CA13CE8BD (0, 0)
1755778255: Received PUBLISH from auto-88DC2D0E-F82E-70B9-8601-F72CA13CE8BD (d0, q0, r0, m0, 'test', ... (4 bytes))
1755778255: Received DISCONNECT from auto-88DC2D0E-F82E-70B9-8601-F72CA13CE8BD
1755778255: Client auto-88DC2D0E-F82E-70B9-8601-F72CA13CE8BD disconnected.
1755778285: New connection from ::1:40344 on port 1883.
1755778285: New client connected from ::1:40344 as auto-90547811-CF31-C6F6-D944-5D4B02A5EE94 (p2, c1, k60).
1755778285: No will message specified.
1755778285: Sending CONNACK to auto-90547811-CF31-C6F6-D944-5D4B02A5EE94 (0, 0)
1755778285: Received PUBLISH from auto-90547811-CF31-C6F6-D944-5D4B02A5EE94 (d0, q0, r0, m0, 'test', ... (4 bytes))
1755778285: Received DISCONNECT from auto-90547811-CF31-C6F6-D944-5D4B02A5EE94
1755778285: Client auto-90547811-CF31-C6F6-D944-5D4B02A5EE94 disconnected.
1755778315: New connection from ::1:50000 on port 1883.
1755778315: New client connected from ::1:50000 as auto-7B2BF968-A45F-9A34-4024-F634A22BB91F (p2, c1, k60).
1755778315: No will message specified.
1755778315: Sending CONNACK to auto-7B2BF968-A45F-9A34-4024-F634A22BB91F (0, 0)
1755778315: Received PUBLISH from auto-7B2BF968-A45F-9A34-4024-F634A22BB91F (d0, q0, r0, m0, 'test', ... (4 bytes))
1755778315: Received DISCONNECT from auto-7B2BF968-A45F-9A34-4024-F634A22BB91F
1755778315: Client auto-7B2BF968-A45F-9A34-4024-F634A22BB91F disconnected.
1755778345: New connection from ::1:51580 on port 1883.
1755778345: New client connected from ::1:51580 as auto-055CA366-D778-4A5C-B99B-EEF547E5EE69 (p2, c1, k60).
1755778345: No will message specified.
1755778345: Sending CONNACK to auto-055CA366-D778-4A5C-B99B-EEF547E5EE69 (0, 0)
1755778345: Received PUBLISH from auto-055CA366-D778-4A5C-B99B-EEF547E5EE69 (d0, q0, r0, m0, 'test', ... (4 bytes))
1755778345: Received DISCONNECT from auto-055CA366-D778-4A5C-B99B-EEF547E5EE69
1755778345: Client auto-055CA366-D778-4A5C-B99B-EEF547E5EE69 disconnected.
1755778375: New connection from ::1:50748 on port 1883.
1755778375: New client connected from ::1:50748 as auto-EB24BE2D-B384-DC56-31C0-2169A6435926 (p2, c1, k60).
1755778375: No will message specified.
1755778375: Sending CONNACK to auto-EB24BE2D-B384-DC56-31C0-2169A6435926 (0, 0)
1755778375: Received PUBLISH from auto-EB24BE2D-B384-DC56-31C0-2169A6435926 (d0, q0, r0, m0, 'test', ... (4 bytes))
1755778375: Received DISCONNECT from auto-EB24BE2D-B384-DC56-31C0-2169A6435926
1755778375: Client auto-EB24BE2D-B384-DC56-31C0-2169A6435926 disconnected.
1755778406: New connection from ::1:59018 on port 1883.
1755778406: New client connected from ::1:59018 as auto-21980FCE-EC79-AEF2-2B70-94FF6A625A1C (p2, c1, k60).
1755778406: No will message specified.
1755778406: Sending CONNACK to auto-21980FCE-EC79-AEF2-2B70-94FF6A625A1C (0, 0)
1755778406: Received PUBLISH from auto-21980FCE-EC79-AEF2-2B70-94FF6A625A1C (d0, q0, r0, m0, 'test', ... (4 bytes))
1755778406: Received DISCONNECT from auto-21980FCE-EC79-AEF2-2B70-94FF6A625A1C
1755778406: Client auto-21980FCE-EC79-AEF2-2B70-94FF6A625A1C disconnected.
1755778436: New connection from ::1:52538 on port 1883.
1755778436: New client connected from ::1:52538 as auto-26BAE8D5-E636-2B72-ACEF-6E562BD75742 (p2, c1, k60).
1755778436: No will message specified.
1755778436: Sending CONNACK to auto-26BAE8D5-E636-2B72-ACEF-6E562BD75742 (0, 0)
1755778436: Received PUBLISH from auto-26BAE8D5-E636-2B72-ACEF-6E562BD75742 (d0, q0, r0, m0, 'test', ... (4 bytes))
1755778436: Received DISCONNECT from auto-26BAE8D5-E636-2B72-ACEF-6E562BD75742
1755778436: Client auto-26BAE8D5-E636-2B72-ACEF-6E562BD75742 disconnected.
1755778466: New connection from ::1:57006 on port 1883.
1755778466: New client connected from ::1:57006 as auto-097278A5-AA0E-63DE-DA5D-DBADED83E955 (p2, c1, k60).
1755778466: No will message specified.
1755778466: Sending CONNACK to auto-097278A5-AA0E-63DE-DA5D-DBADED83E955 (0, 0)
1755778466: Received PUBLISH from auto-097278A5-AA0E-63DE-DA5D-DBADED83E955 (d0, q0, r0, m0, 'test', ... (4 bytes))
1755778466: Received DISCONNECT from auto-097278A5-AA0E-63DE-DA5D-DBADED83E955
1755778466: Client auto-097278A5-AA0E-63DE-DA5D-DBADED83E955 disconnected.
1755778496: New connection from ::1:49142 on port 1883.
1755778496: New client connected from ::1:49142 as auto-F3E867A1-E097-EF3F-000A-3B04D413A9FB (p2, c1, k60).
1755778496: No will message specified.
1755778496: Sending CONNACK to auto-F3E867A1-E097-EF3F-000A-3B04D413A9FB (0, 0)
1755778496: Received PUBLISH from auto-F3E867A1-E097-EF3F-000A-3B04D413A9FB (d0, q0, r0, m0, 'test', ... (4 bytes))
1755778496: Received DISCONNECT from auto-F3E867A1-E097-EF3F-000A-3B04D413A9FB
1755778496: Client auto-F3E867A1-E097-EF3F-000A-3B04D413A9FB disconnected.
1755778526: New connection from ::1:35898 on port 1883.
1755778526: New client connected from ::1:35898 as auto-938013BB-DFA2-2ADC-2924-D74B2721DA67 (p2, c1, k60).
1755778526: No will message specified.
1755778526: Sending CONNACK to auto-938013BB-DFA2-2ADC-2924-D74B2721DA67 (0, 0)
1755778526: Received PUBLISH from auto-938013BB-DFA2-2ADC-2924-D74B2721DA67 (d0, q0, r0, m0, 'test', ... (4 bytes))
1755778526: Received DISCONNECT from auto-938013BB-DFA2-2ADC-2924-D74B2721DA67
1755778526: Client auto-938013BB-DFA2-2ADC-2924-D74B2721DA67 disconnected.
1755778556: New connection from ::1:50212 on port 1883.
1755778556: New client connected from ::1:50212 as auto-0B98FB75-AE79-D430-011F-2FF18924F8D5 (p2, c1, k60).
1755778556: No will message specified.
1755778556: Sending CONNACK to auto-0B98FB75-AE79-D430-011F-2FF18924F8D5 (0, 0)
1755778556: Received PUBLISH from auto-0B98FB75-AE79-D430-011F-2FF18924F8D5 (d0, q0, r0, m0, 'test', ... (4 bytes))
1755778556: Received DISCONNECT from auto-0B98FB75-AE79-D430-011F-2FF18924F8D5
1755778556: Client auto-0B98FB75-AE79-D430-011F-2FF18924F8D5 disconnected.
1755778586: New connection from ::1:41640 on port 1883.
1755778586: New client connected from ::1:41640 as auto-F7DD40B9-865F-EA37-9071-29B5F6F86F90 (p2, c1, k60).
1755778586: No will message specified.
1755778586: Sending CONNACK to auto-F7DD40B9-865F-EA37-9071-29B5F6F86F90 (0, 0)
1755778586: Received PUBLISH from auto-F7DD40B9-865F-EA37-9071-29B5F6F86F90 (d0, q0, r0, m0, 'test', ... (4 bytes))
1755778586: Received DISCONNECT from auto-F7DD40B9-865F-EA37-9071-29B5F6F86F90
1755778586: Client auto-F7DD40B9-865F-EA37-9071-29B5F6F86F90 disconnected.
1755778616: New connection from ::1:40818 on port 1883.
1755778616: New client connected from ::1:40818 as auto-B0C05450-4095-5EBC-4D0F-C9490245C8BE (p2, c1, k60).
1755778616: No will message specified.
1755778616: Sending CONNACK to auto-B0C05450-4095-5EBC-4D0F-C9490245C8BE (0, 0)
1755778616: Received PUBLISH from auto-B0C05450-4095-5EBC-4D0F-C9490245C8BE (d0, q0, r0, m0, 'test', ... (4 bytes))
1755778616: Received DISCONNECT from auto-B0C05450-4095-5EBC-4D0F-C9490245C8BE
1755778616: Client auto-B0C05450-4095-5EBC-4D0F-C9490245C8BE disconnected.
